<?xml version="1.0" encoding="UTF-8"?>
<!-- Generated by org.testng.reporters.JUnitXMLReporter -->
<testsuite ignored="0" hostname="NaveensHP" failures="0" tests="3" name="Default test" time="22.486" errors="0" timestamp="2021-05-04T19:38:12 EDT">
  <testcase classname="EndtoEnd.homePageTest" name="login" time="7.998"/>
  <testcase classname="EndtoEnd.homePageTest" name="login1" time="2.716"/>
  <testcase classname="EndtoEnd.homePageTest" name="login1" time="2.426"/>
</testsuite> <!-- Default test -->
