<?xml version="1.0" encoding="UTF-8"?>
<!-- Generated by org.testng.reporters.JUnitXMLReporter -->
<testsuite ignored="0" hostname="NaveensHP" failures="0" tests="5" name="Surefire test" time="28.864" errors="0" timestamp="2021-01-23T17:12:17 EST">
  <testcase classname="EndtoEnd.homePageTest" name="login" time="3.212"/>
  <testcase classname="EndtoEnd.homePageTest" name="login1" time="2.521"/>
  <testcase classname="EndtoEnd.homePageTest" name="login1" time="2.34"/>
  <testcase classname="EndtoEnd.validateTitleTest" name="land" time="0.176"/>
  <testcase classname="EndtoEnd.validateTitleTest" name="navbar" time="0.101"/>
</testsuite> <!-- Surefire test -->
