<?xml version="1.0" encoding="UTF-8"?>
<testng-results ignored="0" total="5" passed="5" failed="0" skipped="0">
  <reporter-output>
  </reporter-output>
  <suite started-at="2021-01-23T17:11:48 EST" name="Surefire suite" finished-at="2021-01-23T17:12:17 EST" duration-ms="28864">
    <groups>
    </groups>
    <test started-at="2021-01-23T17:11:48 EST" name="Surefire test" finished-at="2021-01-23T17:12:17 EST" duration-ms="28864">
      <class name="EndtoEnd.homePageTest">
        <test-method is-config="true" signature="login1()[pri:0, instance:EndtoEnd.homePageTest@69f1a286]" started-at="2021-01-23T17:11:48 EST" name="login1" finished-at="2021-01-23T17:11:57 EST" duration-ms="9148" status="PASS">
          <reporter-output>
          </reporter-output>
        </test-method> <!-- login1 -->
        <test-method signature="login()[pri:0, instance:EndtoEnd.homePageTest@69f1a286]" started-at="2021-01-23T17:12:07 EST" name="login" finished-at="2021-01-23T17:12:10 EST" duration-ms="3212" status="PASS">
          <reporter-output>
          </reporter-output>
        </test-method> <!-- login -->
        <test-method signature="login1(java.lang.String, java.lang.String)[pri:0, instance:EndtoEnd.homePageTest@69f1a286]" started-at="2021-01-23T17:12:10 EST" name="login1" data-provider="data" finished-at="2021-01-23T17:12:13 EST" depends-on-methods="EndtoEnd.homePageTest.login" duration-ms="2521" status="PASS">
          <params>
            <param index="0">
              <value>
                <![CDATA[username1]]>
              </value>
            </param>
            <param index="1">
              <value>
                <![CDATA[pass1]]>
              </value>
            </param>
          </params>
          <reporter-output>
          </reporter-output>
        </test-method> <!-- login1 -->
        <test-method signature="login1(java.lang.String, java.lang.String)[pri:0, instance:EndtoEnd.homePageTest@69f1a286]" started-at="2021-01-23T17:12:13 EST" name="login1" data-provider="data" finished-at="2021-01-23T17:12:15 EST" depends-on-methods="EndtoEnd.homePageTest.login" duration-ms="2340" status="PASS">
          <params>
            <param index="0">
              <value>
                <![CDATA[username2]]>
              </value>
            </param>
            <param index="1">
              <value>
                <![CDATA[pass2]]>
              </value>
            </param>
          </params>
          <reporter-output>
          </reporter-output>
        </test-method> <!-- login1 -->
        <test-method is-config="true" signature="quit()[pri:0, instance:EndtoEnd.homePageTest@69f1a286]" started-at="2021-01-23T17:12:15 EST" name="quit" finished-at="2021-01-23T17:12:16 EST" duration-ms="769" status="PASS">
          <reporter-output>
          </reporter-output>
        </test-method> <!-- quit -->
      </class> <!-- EndtoEnd.homePageTest -->
      <class name="EndtoEnd.validateTitleTest">
        <test-method is-config="true" signature="login()[pri:0, instance:EndtoEnd.validateTitleTest@7922d892]" started-at="2021-01-23T17:11:57 EST" name="login" finished-at="2021-01-23T17:12:07 EST" duration-ms="9710" status="PASS">
          <reporter-output>
          </reporter-output>
        </test-method> <!-- login -->
        <test-method signature="land()[pri:0, instance:EndtoEnd.validateTitleTest@7922d892]" started-at="2021-01-23T17:12:15 EST" name="land" finished-at="2021-01-23T17:12:15 EST" duration-ms="176" status="PASS">
          <reporter-output>
          </reporter-output>
        </test-method> <!-- land -->
        <test-method signature="navbar()[pri:0, instance:EndtoEnd.validateTitleTest@7922d892]" started-at="2021-01-23T17:12:15 EST" name="navbar" finished-at="2021-01-23T17:12:15 EST" depends-on-methods="EndtoEnd.validateTitleTest.land" duration-ms="101" status="PASS">
          <reporter-output>
          </reporter-output>
        </test-method> <!-- navbar -->
        <test-method is-config="true" signature="quit()[pri:0, instance:EndtoEnd.validateTitleTest@7922d892]" started-at="2021-01-23T17:12:16 EST" name="quit" finished-at="2021-01-23T17:12:17 EST" duration-ms="785" status="PASS">
          <reporter-output>
          </reporter-output>
        </test-method> <!-- quit -->
      </class> <!-- EndtoEnd.validateTitleTest -->
    </test> <!-- Surefire test -->
  </suite> <!-- Surefire suite -->
</testng-results>
