<?xml version="1.0" encoding="UTF-8"?>
<!-- Generated by org.testng.reporters.JUnitXMLReporter -->
<testsuite ignored="0" hostname="NaveensHP" failures="1" tests="2" name="Test" time="19.873" errors="0" timestamp="2021-05-06T18:56:18 EDT">
  <testcase classname="EndtoEnd.validateTitleTest" name="land" time="5.905">
    <failure type="java.lang.AssertionError" message="expected [FEATURED COURSES] but found [FEATURED COURSE]">
      <![CDATA[java.lang.AssertionError: expected [FEATURED COURSES] but found [FEATURED COURSE]
at EndtoEnd.validateTitleTest.land(validateTitleTest.java:55)
at java.base/java.util.ArrayList.forEach(ArrayList.java:1511)
at java.base/java.util.concurrent.FutureTask.run(FutureTask.java:264)
at java.base/java.util.concurrent.ThreadPoolExecutor.runWorker(ThreadPoolExecutor.java:1130)
at java.base/java.util.concurrent.ThreadPoolExecutor$Worker.run(ThreadPoolExecutor.java:630)
at java.base/java.lang.Thread.run(Thread.java:832)
... Removed 24 stack frames]]>
    </failure>
  </testcase> <!-- land -->
  <testcase classname="EndtoEnd.validateTitleTest" name="navbar" time="0.181"/>
</testsuite> <!-- Test -->
