<?xml version="1.0" encoding="UTF-8"?>
<testsuite xmlns:xsi="http://www.w3.org/2001/XMLSchema-instance" xsi:noNamespaceSchemaLocation="https://maven.apache.org/surefire/maven-surefire-plugin/xsd/surefire-test-report.xsd" name="TestSuite" time="28.593" tests="5" errors="0" skipped="0" failures="1">
  <properties>
[...]
</properties>
  <testcase name="land" classname="EndtoEnd.validateTitleTest" time="6.447">
    <failure message="expected [FEATURED COURSES] but found [FEATURED COURSE]" type="java.lang.AssertionError">java.lang.AssertionError: expected [FEATURED COURSES] but found [FEATURED COURSE]
	at EndtoEnd.validateTitleTest.land(validateTitleTest.java:55)
</failure>
    <system-err><![CDATA[SLF4J: Failed to load class "org.slf4j.impl.StaticLoggerBinder".
SLF4J: Defaulting to no-operation (NOP) logger implementation
SLF4J: See http://www.slf4j.org/codes.html#StaticLoggerBinder for further details.
Starting ChromeDriver 90.0.4430.24 (4c6d850f087da467d926e8eddb76550aed655991-refs/branch-heads/4430@{#429}) on port 11620
Only local connections are allowed.
Please see https://chromedriver.chromium.org/security-considerations for suggestions on keeping ChromeDriver safe.
Starting ChromeDriver 90.0.4430.24 (4c6d850f087da467d926e8eddb76550aed655991-refs/branch-heads/4430@{#429}) on port 7279
Only local connections are allowed.
Please see https://chromedriver.chromium.org/security-considerations for suggestions on keeping ChromeDriver safe.
ChromeDriver was started successfully.
ChromeDriver was started successfully.
May 06, 2021 6:56:01 PM org.openqa.selenium.remote.ProtocolHandshake createSession
INFO: Detected dialect: W3C
May 06, 2021 6:56:01 PM org.openqa.selenium.remote.ProtocolHandshake createSession
INFO: Detected dialect: W3C
]]></system-err>
  </testcase>
  <testcase name="navbar" classname="EndtoEnd.validateTitleTest" time="0.182"/>
  <testcase name="login" classname="EndtoEnd.homePageTest" time="1.033"/>
  <testcase name="login1" classname="EndtoEnd.homePageTest" time="2.909"/>
  <testcase name="login1" classname="EndtoEnd.homePageTest" time="2.339"/>
</testsuite>