<?xml version="1.0" encoding="UTF-8"?>
<testsuite xmlns:xsi="http://www.w3.org/2001/XMLSchema-instance" xsi:noNamespaceSchemaLocation="https://maven.apache.org/surefire/maven-surefire-plugin/xsd/surefire-test-report.xsd" name="TestSuite" time="30.197" tests="6" errors="0" skipped="0" failures="0">
  <properties>
[...]
</properties>
  <testcase name="login" classname="EndtoEnd.homePageTest" time="3.214"/>
  <testcase name="login1" classname="EndtoEnd.homePageTest" time="2.521"/>
  <testcase name="login1" classname="EndtoEnd.homePageTest" time="2.339"/>
  <testcase name="land" classname="EndtoEnd.validateTitleTest" time="0.176"/>
  <testcase name="navbar" classname="EndtoEnd.validateTitleTest" time="0.096"/>
  <testcase name="shouldAnswerWithTrue on shouldAnswerWithTrue(EndtoEnd.AppTest)" classname="EndtoEnd.AppTest" time="0.001"/>
</testsuite>