-------------------------------------------------------------------------------
Test set: TestSuite
-------------------------------------------------------------------------------
Tests run: 5, Failures: 1, Errors: 0, Skipped: 0, Time elapsed: 28.593 s <<< FAILURE! - in TestSuite
land(EndtoEnd.validateTitleTest)  Time elapsed: 6.447 s  <<< FAILURE!
java.lang.AssertionError: expected [FEATURED COURSES] but found [FEATURED COURSE]
	at EndtoEnd.validateTitleTest.land(validateTitleTest.java:55)

