<?xml version="1.0" encoding="UTF-8"?>
<testng-results ignored="0" total="3" passed="3" failed="0" skipped="0">
  <reporter-output>
  </reporter-output>
  <suite started-at="2021-05-04T19:37:49 EDT" name="Default suite" finished-at="2021-05-04T19:38:12 EDT" duration-ms="22486">
    <groups>
    </groups>
    <test started-at="2021-05-04T19:37:49 EDT" name="Default test" finished-at="2021-05-04T19:38:12 EDT" duration-ms="22486">
      <class name="EndtoEnd.homePageTest">
        <test-method is-config="true" signature="setup()[pri:0, instance:EndtoEnd.homePageTest@6b6eae52]" started-at="2021-05-04T19:37:49 EDT" name="setup" finished-at="2021-05-04T19:37:57 EDT" duration-ms="7839" status="PASS">
          <reporter-output>
          </reporter-output>
        </test-method> <!-- setup -->
        <test-method signature="login()[pri:0, instance:EndtoEnd.homePageTest@6b6eae52]" started-at="2021-05-04T19:37:57 EDT" name="login" description="click login button" finished-at="2021-05-04T19:38:05 EDT" duration-ms="7998" status="PASS">
          <reporter-output>
          </reporter-output>
        </test-method> <!-- login -->
        <test-method signature="login1(java.lang.String, java.lang.String)[pri:0, instance:EndtoEnd.homePageTest@6b6eae52]" started-at="2021-05-04T19:38:06 EDT" name="login1" data-provider="data" finished-at="2021-05-04T19:38:08 EDT" duration-ms="2716" status="PASS">
          <params>
            <param index="0">
              <value>
                <![CDATA[username1]]>
              </value>
            </param>
            <param index="1">
              <value>
                <![CDATA[pass1]]>
              </value>
            </param>
          </params>
          <reporter-output>
          </reporter-output>
        </test-method> <!-- login1 -->
        <test-method signature="login1(java.lang.String, java.lang.String)[pri:0, instance:EndtoEnd.homePageTest@6b6eae52]" started-at="2021-05-04T19:38:08 EDT" name="login1" data-provider="data" finished-at="2021-05-04T19:38:11 EDT" duration-ms="2426" status="PASS">
          <params>
            <param index="0">
              <value>
                <![CDATA[username2]]>
              </value>
            </param>
            <param index="1">
              <value>
                <![CDATA[pass2]]>
              </value>
            </param>
          </params>
          <reporter-output>
          </reporter-output>
        </test-method> <!-- login1 -->
        <test-method is-config="true" signature="quit()[pri:0, instance:EndtoEnd.homePageTest@6b6eae52]" started-at="2021-05-04T19:38:11 EDT" name="quit" finished-at="2021-05-04T19:38:12 EDT" duration-ms="934" status="PASS">
          <reporter-output>
          </reporter-output>
        </test-method> <!-- quit -->
      </class> <!-- EndtoEnd.homePageTest -->
    </test> <!-- Default test -->
  </suite> <!-- Default suite -->
</testng-results>
